                              1 ;--------------------------------------------------------
                              2 ; File Created by SDCC : free open source ANSI-C Compiler
                              3 ; Version 3.6.8 #9946 (Linux)
                              4 ;--------------------------------------------------------
                              5 	.module entity
                              6 	.optsdcc -mz80
                              7 	
                              8 ;--------------------------------------------------------
                              9 ; Public variables in this module
                             10 ;--------------------------------------------------------
                             11 	.globl _cpct_memcpy
                             12 	.globl _cpct_memset
                             13 	.globl _m_num_entities
                             14 	.globl _m_next_free_entity
                             15 	.globl _m_zero_type_at_the_end
                             16 	.globl _m_entities
                             17 	.globl _man_entity_init
                             18 	.globl _man_entity_create
                             19 	.globl _man_entity_forall
                             20 	.globl _man_entity_destroy
                             21 	.globl _man_entity_set4destruction
                             22 	.globl _man_entity_update
                             23 	.globl _man_entity_freeSpace
                             24 ;--------------------------------------------------------
                             25 ; special function registers
                             26 ;--------------------------------------------------------
                             27 ;--------------------------------------------------------
                             28 ; ram data
                             29 ;--------------------------------------------------------
                             30 	.area _DATA
   0000                      31 _m_entities::
   0000                      32 	.ds 315
   013B                      33 _m_zero_type_at_the_end::
   013B                      34 	.ds 1
   013C                      35 _m_next_free_entity::
   013C                      36 	.ds 2
   013E                      37 _m_num_entities::
   013E                      38 	.ds 1
                             39 ;--------------------------------------------------------
                             40 ; ram data
                             41 ;--------------------------------------------------------
                             42 	.area _INITIALIZED
                             43 ;--------------------------------------------------------
                             44 ; absolute external ram data
                             45 ;--------------------------------------------------------
                             46 	.area _DABS (ABS)
                             47 ;--------------------------------------------------------
                             48 ; global & static initialisations
                             49 ;--------------------------------------------------------
                             50 	.area _HOME
                             51 	.area _GSINIT
                             52 	.area _GSFINAL
                             53 	.area _GSINIT
                             54 ;--------------------------------------------------------
                             55 ; Home
                             56 ;--------------------------------------------------------
                             57 	.area _HOME
                             58 	.area _HOME
                             59 ;--------------------------------------------------------
                             60 ; code
                             61 ;--------------------------------------------------------
                             62 	.area _CODE
                             63 ;src/man/entity.c:13: void man_entity_init (void) {
                             64 ;	---------------------------------
                             65 ; Function man_entity_init
                             66 ; ---------------------------------
   0000                      67 _man_entity_init::
                             68 ;src/man/entity.c:14: cpct_memset (m_entities, 0, sizeof(m_entities));
   0000 21 3B 01      [10]   69 	ld	hl, #0x013b
   0003 E5            [11]   70 	push	hl
   0004 AF            [ 4]   71 	xor	a, a
   0005 F5            [11]   72 	push	af
   0006 33            [ 6]   73 	inc	sp
   0007 21r00r00      [10]   74 	ld	hl, #_m_entities
   000A E5            [11]   75 	push	hl
   000B CDr00r00      [17]   76 	call	_cpct_memset
                             77 ;src/man/entity.c:15: m_next_free_entity = m_entities;
   000E 21r00r00      [10]   78 	ld	hl, #_m_entities
   0011 22r3Cr01      [16]   79 	ld	(_m_next_free_entity), hl
                             80 ;src/man/entity.c:16: m_num_entities = 0;
   0014 21r3Er01      [10]   81 	ld	hl,#_m_num_entities + 0
   0017 36 00         [10]   82 	ld	(hl), #0x00
                             83 ;src/man/entity.c:17: m_zero_type_at_the_end = e_type_invalid;
   0019 21r3Br01      [10]   84 	ld	hl,#_m_zero_type_at_the_end + 0
   001C 36 00         [10]   85 	ld	(hl), #0x00
   001E C9            [10]   86 	ret
                             87 ;src/man/entity.c:27: Entity_t* man_entity_create (void) {
                             88 ;	---------------------------------
                             89 ; Function man_entity_create
                             90 ; ---------------------------------
   001F                      91 _man_entity_create::
                             92 ;src/man/entity.c:28: Entity_t* e = m_next_free_entity;
   001F ED 4Br3Cr01   [20]   93 	ld	bc, (_m_next_free_entity)
                             94 ;src/man/entity.c:29: m_next_free_entity = e + 1;
   0023 21 07 00      [10]   95 	ld	hl, #0x0007
   0026 09            [11]   96 	add	hl,bc
   0027 22r3Cr01      [16]   97 	ld	(_m_next_free_entity), hl
                             98 ;src/man/entity.c:30: e->type = e_type_default;
   002A 3E 7F         [ 7]   99 	ld	a, #0x7f
   002C 02            [ 7]  100 	ld	(bc), a
                            101 ;src/man/entity.c:31: ++m_num_entities;
   002D 21r3Er01      [10]  102 	ld	hl, #_m_num_entities+0
   0030 34            [11]  103 	inc	(hl)
                            104 ;src/man/entity.c:32: return e;
   0031 69            [ 4]  105 	ld	l, c
   0032 60            [ 4]  106 	ld	h, b
   0033 C9            [10]  107 	ret
                            108 ;src/man/entity.c:46: void man_entity_forall (void (*ptrfunc) (Entity_t*)) {
                            109 ;	---------------------------------
                            110 ; Function man_entity_forall
                            111 ; ---------------------------------
   0034                     112 _man_entity_forall::
                            113 ;src/man/entity.c:47: Entity_t* e = m_entities;
   0034 01r00r00      [10]  114 	ld	bc, #_m_entities+0
                            115 ;src/man/entity.c:49: while (e->type != e_type_invalid) {
   0037                     116 00101$:
   0037 0A            [ 7]  117 	ld	a, (bc)
   0038 B7            [ 4]  118 	or	a, a
   0039 C8            [11]  119 	ret	Z
                            120 ;src/man/entity.c:50: ptrfunc(e);
   003A C5            [11]  121 	push	bc
   003B C5            [11]  122 	push	bc
   003C 21 06 00      [10]  123 	ld	hl, #6
   003F 39            [11]  124 	add	hl, sp
   0040 7E            [ 7]  125 	ld	a, (hl)
   0041 23            [ 6]  126 	inc	hl
   0042 66            [ 7]  127 	ld	h, (hl)
   0043 6F            [ 4]  128 	ld	l, a
   0044 CDr00r00      [17]  129 	call	___sdcc_call_hl
   0047 F1            [10]  130 	pop	af
   0048 C1            [10]  131 	pop	bc
                            132 ;src/man/entity.c:51: ++e;
   0049 21 07 00      [10]  133 	ld	hl, #0x0007
   004C 09            [11]  134 	add	hl,bc
   004D 4D            [ 4]  135 	ld	c, l
   004E 44            [ 4]  136 	ld	b, h
   004F 18 E6         [12]  137 	jr	00101$
                            138 ;src/man/entity.c:64: void man_entity_destroy (Entity_t* dead_e) {
                            139 ;	---------------------------------
                            140 ; Function man_entity_destroy
                            141 ; ---------------------------------
   0051                     142 _man_entity_destroy::
   0051 DD E5         [15]  143 	push	ix
   0053 DD 21 00 00   [14]  144 	ld	ix,#0
   0057 DD 39         [15]  145 	add	ix,sp
                            146 ;src/man/entity.c:65: Entity_t* de = dead_e;
   0059 DD 5E 04      [19]  147 	ld	e,4 (ix)
   005C DD 56 05      [19]  148 	ld	d,5 (ix)
                            149 ;src/man/entity.c:66: Entity_t* last = m_next_free_entity;
   005F 2Ar3Cr01      [16]  150 	ld	hl, (_m_next_free_entity)
                            151 ;src/man/entity.c:67: --last;
   0062 01 F9 FF      [10]  152 	ld	bc, #0xfff9
   0065 09            [11]  153 	add	hl,bc
   0066 4D            [ 4]  154 	ld	c, l
   0067 44            [ 4]  155 	ld	b, h
                            156 ;src/man/entity.c:68: if (de != last) 
   0068 7B            [ 4]  157 	ld	a, e
   0069 91            [ 4]  158 	sub	a, c
   006A 20 04         [12]  159 	jr	NZ,00109$
   006C 7A            [ 4]  160 	ld	a, d
   006D 90            [ 4]  161 	sub	a, b
   006E 28 17         [12]  162 	jr	Z,00102$
   0070                     163 00109$:
                            164 ;src/man/entity.c:69: cpct_memcpy(dead_e, last, sizeof(Entity_t));
   0070 69            [ 4]  165 	ld	l, c
   0071 60            [ 4]  166 	ld	h, b
   0072 DD 5E 04      [19]  167 	ld	e, 4 (ix)
   0075 DD 56 05      [19]  168 	ld	d, 5 (ix)
   0078 D5            [11]  169 	push	de
   0079 FD E1         [14]  170 	pop	iy
   007B C5            [11]  171 	push	bc
   007C 11 07 00      [10]  172 	ld	de, #0x0007
   007F D5            [11]  173 	push	de
   0080 E5            [11]  174 	push	hl
   0081 FD E5         [15]  175 	push	iy
   0083 CDr00r00      [17]  176 	call	_cpct_memcpy
   0086 C1            [10]  177 	pop	bc
   0087                     178 00102$:
                            179 ;src/man/entity.c:70: last->type = e_type_invalid;
   0087 AF            [ 4]  180 	xor	a, a
   0088 02            [ 7]  181 	ld	(bc), a
                            182 ;src/man/entity.c:71: m_next_free_entity = last;
   0089 ED 43r3Cr01   [20]  183 	ld	(_m_next_free_entity), bc
                            184 ;src/man/entity.c:72: --m_num_entities;
   008D 21r3Er01      [10]  185 	ld	hl, #_m_num_entities+0
   0090 35            [11]  186 	dec	(hl)
   0091 DD E1         [14]  187 	pop	ix
   0093 C9            [10]  188 	ret
                            189 ;src/man/entity.c:83: void man_entity_set4destruction (Entity_t* dead_e) {
                            190 ;	---------------------------------
                            191 ; Function man_entity_set4destruction
                            192 ; ---------------------------------
   0094                     193 _man_entity_set4destruction::
                            194 ;src/man/entity.c:84: dead_e->type |= e_type_dead;
   0094 D1            [10]  195 	pop	de
   0095 C1            [10]  196 	pop	bc
   0096 C5            [11]  197 	push	bc
   0097 D5            [11]  198 	push	de
   0098 0A            [ 7]  199 	ld	a, (bc)
   0099 CB FF         [ 8]  200 	set	7, a
   009B 02            [ 7]  201 	ld	(bc), a
   009C C9            [10]  202 	ret
                            203 ;src/man/entity.c:91: void man_entity_update (void) {
                            204 ;	---------------------------------
                            205 ; Function man_entity_update
                            206 ; ---------------------------------
   009D                     207 _man_entity_update::
                            208 ;src/man/entity.c:92: Entity_t* e = m_entities;
   009D 21r00r00      [10]  209 	ld	hl, #_m_entities+0
                            210 ;src/man/entity.c:93: while(e->type != e_type_invalid) {
   00A0                     211 00104$:
   00A0 7E            [ 7]  212 	ld	a, (hl)
   00A1 B7            [ 4]  213 	or	a, a
   00A2 C8            [11]  214 	ret	Z
                            215 ;src/man/entity.c:94: if (e->type & e_type_dead) {
   00A3 07            [ 4]  216 	rlca
   00A4 30 09         [12]  217 	jr	NC,00102$
                            218 ;src/man/entity.c:95: man_entity_destroy(e);
   00A6 E5            [11]  219 	push	hl
   00A7 E5            [11]  220 	push	hl
   00A8 CDr51r00      [17]  221 	call	_man_entity_destroy
   00AB F1            [10]  222 	pop	af
   00AC E1            [10]  223 	pop	hl
   00AD 18 F1         [12]  224 	jr	00104$
   00AF                     225 00102$:
                            226 ;src/man/entity.c:97: ++e;
   00AF 01 07 00      [10]  227 	ld	bc, #0x0007
   00B2 09            [11]  228 	add	hl, bc
   00B3 18 EB         [12]  229 	jr	00104$
                            230 ;src/man/entity.c:108: u8 man_entity_freeSpace() {
                            231 ;	---------------------------------
                            232 ; Function man_entity_freeSpace
                            233 ; ---------------------------------
   00B5                     234 _man_entity_freeSpace::
                            235 ;src/man/entity.c:109: return MAX_ENTITIES - m_num_entities;
   00B5 21r3Er01      [10]  236 	ld	hl, #_m_num_entities
   00B8 3E 2D         [ 7]  237 	ld	a, #0x2d
   00BA 96            [ 7]  238 	sub	a, (hl)
   00BB 6F            [ 4]  239 	ld	l, a
   00BC C9            [10]  240 	ret
                            241 	.area _CODE
                            242 	.area _INITIALIZER
                            243 	.area _CABS (ABS)
