                              1 ;--------------------------------------------------------
                              2 ; File Created by SDCC : free open source ANSI-C Compiler
                              3 ; Version 3.6.8 #9946 (Linux)
                              4 ;--------------------------------------------------------
                              5 	.module main
                              6 	.optsdcc -mz80
                              7 	
                              8 ;--------------------------------------------------------
                              9 ; Public variables in this module
                             10 ;--------------------------------------------------------
                             11 	.globl _main
                             12 	.globl _wait
                             13 	.globl _sys_generator_update
                             14 	.globl _sys_render_update
                             15 	.globl _sys_physics_update
                             16 	.globl _man_entity_update
                             17 	.globl _man_entity_init
                             18 	.globl _cpct_waitVSYNC
                             19 	.globl _cpct_waitHalts
                             20 	.globl _cpct_disableFirmware
                             21 ;--------------------------------------------------------
                             22 ; special function registers
                             23 ;--------------------------------------------------------
                             24 ;--------------------------------------------------------
                             25 ; ram data
                             26 ;--------------------------------------------------------
                             27 	.area _DATA
                             28 ;--------------------------------------------------------
                             29 ; ram data
                             30 ;--------------------------------------------------------
                             31 	.area _INITIALIZED
                             32 ;--------------------------------------------------------
                             33 ; absolute external ram data
                             34 ;--------------------------------------------------------
                             35 	.area _DABS (ABS)
                             36 ;--------------------------------------------------------
                             37 ; global & static initialisations
                             38 ;--------------------------------------------------------
                             39 	.area _HOME
                             40 	.area _GSINIT
                             41 	.area _GSFINAL
                             42 	.area _GSINIT
                             43 ;--------------------------------------------------------
                             44 ; Home
                             45 ;--------------------------------------------------------
                             46 	.area _HOME
                             47 	.area _HOME
                             48 ;--------------------------------------------------------
                             49 ; code
                             50 ;--------------------------------------------------------
                             51 	.area _CODE
                             52 ;src/main.c:7: void wait(u8 n) {
                             53 ;	---------------------------------
                             54 ; Function wait
                             55 ; ---------------------------------
   0000                      56 _wait::
                             57 ;src/main.c:8: do {
   0000 21 02 00      [10]   58 	ld	hl, #2+0
   0003 39            [11]   59 	add	hl, sp
   0004 4E            [ 7]   60 	ld	c, (hl)
   0005                      61 00101$:
                             62 ;src/main.c:9: cpct_waitHalts(2);
   0005 C5            [11]   63 	push	bc
   0006 2E 02         [ 7]   64 	ld	l, #0x02
   0008 CDr00r00      [17]   65 	call	_cpct_waitHalts
   000B CDr00r00      [17]   66 	call	_cpct_waitVSYNC
   000E C1            [10]   67 	pop	bc
                             68 ;src/main.c:11: } while(--n);
   000F 0D            [ 4]   69 	dec c
   0010 20 F3         [12]   70 	jr	NZ,00101$
   0012 C9            [10]   71 	ret
                             72 ;src/main.c:14: void main(void) {
                             73 ;	---------------------------------
                             74 ; Function main
                             75 ; ---------------------------------
   0013                      76 _main::
                             77 ;src/main.c:15: cpct_disableFirmware();
   0013 CDr00r00      [17]   78 	call	_cpct_disableFirmware
                             79 ;src/main.c:17: man_entity_init();
   0016 CDr00r00      [17]   80 	call	_man_entity_init
                             81 ;src/main.c:18: sys_render_init();
   0019 CDr00r00      [17]   82 	call	_sys_render_init
                             83 ;src/main.c:20: while(1) {
   001C                      84 00102$:
                             85 ;src/main.c:21: sys_physics_update();
   001C CDr00r00      [17]   86 	call	_sys_physics_update
                             87 ;src/main.c:22: sys_generator_update();
   001F CDr00r00      [17]   88 	call	_sys_generator_update
                             89 ;src/main.c:23: sys_render_update();
   0022 CDr00r00      [17]   90 	call	_sys_render_update
                             91 ;src/main.c:25: man_entity_update();
   0025 CDr00r00      [17]   92 	call	_man_entity_update
                             93 ;src/main.c:26: wait(10);
   0028 3E 0A         [ 7]   94 	ld	a, #0x0a
   002A F5            [11]   95 	push	af
   002B 33            [ 6]   96 	inc	sp
   002C CDr00r00      [17]   97 	call	_wait
   002F 33            [ 6]   98 	inc	sp
   0030 18 EA         [12]   99 	jr	00102$
                            100 	.area _CODE
                            101 	.area _INITIALIZER
                            102 	.area _CABS (ABS)
